Unable to capture context for thread 2272 in process 14796, can not generate back trace
Unable to capture context for thread 9092 in process 14796, can not generate back trace
Exception at PC 0x00007FFE3E9DCF19
Unable to capture context for thread 14824 in process 14796, can not generate back trace
Unable to capture context for thread 2272 in process 14796, can not generate back trace
Unable to capture context for thread 9092 in process 14796, can not generate back trace
Unable to capture context for thread 9628 in process 14796, can not generate back trace
Exception at PC 0x00007FFDFE40BB93
Printing stacktrace...

Unable to capture context for thread 14824 in process 14796, can not generate back trace
Unable to capture context for thread 9628 in process 14796, can not generate back trace
Exception at PC 0x00007FFE3E9DCF19
Exception at PC 0x00007FFE3E9DCF19
Exception at PC 0x00007FFE3E9DCF19
Exception at PC 0x00007FFE3E9DCF19
Exception at PC 0x00007FFE3E9DCF19
Exception at PC 0x00007FFE3E9DCF19
Exception at PC 0x00007FFE3E9DCF19
Exception at PC 0x00007FFE3E9DCF19
Exception at PC 0x00007FFE3E9DCF19
Exception at PC 0x00007FFE3E9DCF19
Exception at PC 0x00007FFE3E9DCF19
Exception at PC 0x00007FFE3E9DCF19
[0]  [0x00007FFDFE40BB93]
[1]  [0x00007FFDFE40BB93]
[2]  [0x00007FFDFE40B4A1]
[3]  [0x00007FFDFE40B3EF]
[4]  [0x00007FFDFE3F19FE]
[5]  [0x00007FFDFE3F0ED1]
[6]  [0x00007FFDFE3F0D76]
[7]  [0x00007FFDFE3979F6]
[8]  [0x00007FFDFE387AFB]
[9]  [0x00007FFDFE4AE90A]
[10]  [0x00007FFDFE4C9F87]
[11]  [0x00007FFDFE4CA05F]
[12] (BaseThreadInitThunk+0x14) [0x00007FFE40D37614]
[13] (RtlUserThreadStart+0x21) [0x00007FFE40F826B1]
Done
Exception at PC 0x00007FFE3E9DCF19
Exception at PC 0x00007FFE3E9DCF19
Exception at PC 0x00007FFE3E9DCF19
Exception at PC 0x00007FFE3E9DCF19
Exception at PC 0x00007FFE3E9DCF19
