Vivado Simulator 2016.4
Copyright 1986-1999, 2001-2016 Xilinx, Inc. All Rights Reserved.
Running: C:/Xilin/Vivado/2016.4/bin/unwrapped/win64.o/xelab.exe -wto 7d4491dee20d4c17a79b49c274a5c727 --debug typical --relax --mt 2 -L xil_defaultlib -L fifo_generator_v13_1_3 -L unisims_ver -L unimacro_ver -L secureip -L xpm --snapshot tb_behav xil_defaultlib.tb xil_defaultlib.glbl -log elaborate.log 
Using 2 slave threads.
Starting static elaboration
WARNING: [VRFC 10-597] element index -1 into num_read_words_dc is out of bounds [/wrk/2016.4/nightly/2017_01_23_1756540/packages/customer/vivado/data/ip/xilinx/fifo_generator_v13_1/simulation/fifo_generator_vlog_beh.v:8146]
WARNING: [VRFC 10-597] element index -1 into num_write_words_dc is out of bounds [/wrk/2016.4/nightly/2017_01_23_1756540/packages/customer/vivado/data/ip/xilinx/fifo_generator_v13_1/simulation/fifo_generator_vlog_beh.v:8196]
Completed static elaboration
Starting simulation data flow analysis
Completed simulation data flow analysis
Time Resolution for simulation is 1ps
Compiling module xil_defaultlib.Line_Buffer
Compiling module xil_defaultlib.Image_control
Compiling module xil_defaultlib.conv
Compiling module fifo_generator_v13_1_3.fifo_generator_v13_1_3_bhv_ver_s...
Compiling module fifo_generator_v13_1_3.fifo_generator_v13_1_3_bhv_ver_p...
Compiling module fifo_generator_v13_1_3.fifo_generator_v13_1_3_CONV_VER(...
Compiling module fifo_generator_v13_1_3.fifo_generator_vlog_beh(C_COMMON...
Compiling module fifo_generator_v13_1_3.fifo_generator_v13_1_3(C_COMMON_...
Compiling module xil_defaultlib.OutputBuffer
Compiling module xil_defaultlib.Image_processing_Top
Compiling module xil_defaultlib.tb
WARNING: [XSIM 43-3373] "F:/image_processing/Image_Processing.srcs/sim_1/new/tb.v" Line 70. System function $fscanf is used as system task. This system function should have a LHS e.g. x=$fscanf().
WARNING: [XSIM 43-3373] "F:/image_processing/Image_Processing.srcs/sim_1/new/tb.v" Line 77. System function $fscanf is used as system task. This system function should have a LHS e.g. x=$fscanf().
WARNING: [XSIM 43-3373] "F:/image_processing/Image_Processing.srcs/sim_1/new/tb.v" Line 90. System function $fscanf is used as system task. This system function should have a LHS e.g. x=$fscanf().
Compiling module xil_defaultlib.glbl
Built simulation snapshot tb_behav
